[2025-12-10T09:31:00.176Z] smtp_verify: Error: Invalid login: 535-5.7.8 Username and Password not accepted. For more information, go to
535 5.7.8  https://support.google.com/mail/?p=BadCredentials 98e67ed59e1d1-34a70926cd8sm1958558a91.12 - gsmtp
    at SMTPConnection._formatError (D:\downloads\project (4)\project\backend\node_modules\nodemailer\lib\smtp-connection\index.js:809:19)
    at SMTPConnection._actionAUTHComplete (D:\downloads\project (4)\project\backend\node_modules\nodemailer\lib\smtp-connection\index.js:1588:34)
    at SMTPConnection.<anonymous> (D:\downloads\project (4)\project\backend\node_modules\nodemailer\lib\smtp-connection\index.js:556:26)
    at SMTPConnection._processResponse (D:\downloads\project (4)\project\backend\node_modules\nodemailer\lib\smtp-connection\index.js:993:20)
    at SMTPConnection._onData (D:\downloads\project (4)\project\backend\node_modules\nodemailer\lib\smtp-connection\index.js:774:14)
    at SMTPConnection._onSocketData (D:\downloads\project (4)\project\backend\node_modules\nodemailer\lib\smtp-connection\index.js:195:44)
    at TLSSocket.emit (node:events:507:28)
    at addChunk (node:internal/streams/readable:559:12)
    at readableAddChunkPushByteMode (node:internal/streams/readable:510:3)
    at Readable.push (node:internal/streams/readable:390:5)
[2025-12-10T09:31:24.548Z] contact: Error: Duplicate key
    at Object.create (D:\downloads\project (4)\project\backend\localdb\collections.js:20:21)
    at async D:\downloads\project (4)\project\backend\index.js:400:17
[2025-12-10T09:32:28.131Z] contact: Error: Duplicate key
    at Object.create (D:\downloads\project (4)\project\backend\localdb\collections.js:20:21)
    at async D:\downloads\project (4)\project\backend\index.js:400:17
[2025-12-10T09:32:42.982Z] contact_email: Error: Invalid login: 535-5.7.8 Username and Password not accepted. For more information, go to
535 5.7.8  https://support.google.com/mail/?p=BadCredentials d9443c01a7336-29daeae6e95sm181071755ad.95 - gsmtp
    at SMTPConnection._formatError (D:\downloads\project (4)\project\backend\node_modules\nodemailer\lib\smtp-connection\index.js:809:19)
    at SMTPConnection._actionAUTHComplete (D:\downloads\project (4)\project\backend\node_modules\nodemailer\lib\smtp-connection\index.js:1588:34)
    at SMTPConnection.<anonymous> (D:\downloads\project (4)\project\backend\node_modules\nodemailer\lib\smtp-connection\index.js:556:26)
    at SMTPConnection._processResponse (D:\downloads\project (4)\project\backend\node_modules\nodemailer\lib\smtp-connection\index.js:993:20)
    at SMTPConnection._onData (D:\downloads\project (4)\project\backend\node_modules\nodemailer\lib\smtp-connection\index.js:774:14)
    at SMTPConnection._onSocketData (D:\downloads\project (4)\project\backend\node_modules\nodemailer\lib\smtp-connection\index.js:195:44)
    at TLSSocket.emit (node:events:507:28)
    at addChunk (node:internal/streams/readable:559:12)
    at readableAddChunkPushByteMode (node:internal/streams/readable:510:3)
    at Readable.push (node:internal/streams/readable:390:5)
[2025-12-10T09:38:16.183Z] smtp_verify: Error: Invalid login: 535-5.7.8 Username and Password not accepted. For more information, go to
535 5.7.8  https://support.google.com/mail/?p=BadCredentials d2e1a72fcca58-7e29f2ed000sm18677917b3a.1 - gsmtp
    at SMTPConnection._formatError (D:\downloads\project (4)\project\backend\node_modules\nodemailer\lib\smtp-connection\index.js:809:19)
    at SMTPConnection._actionAUTHComplete (D:\downloads\project (4)\project\backend\node_modules\nodemailer\lib\smtp-connection\index.js:1588:34)
    at SMTPConnection.<anonymous> (D:\downloads\project (4)\project\backend\node_modules\nodemailer\lib\smtp-connection\index.js:556:26)
    at SMTPConnection._processResponse (D:\downloads\project (4)\project\backend\node_modules\nodemailer\lib\smtp-connection\index.js:993:20)
    at SMTPConnection._onData (D:\downloads\project (4)\project\backend\node_modules\nodemailer\lib\smtp-connection\index.js:774:14)
    at SMTPConnection._onSocketData (D:\downloads\project (4)\project\backend\node_modules\nodemailer\lib\smtp-connection\index.js:195:44)
    at TLSSocket.emit (node:events:507:28)
    at addChunk (node:internal/streams/readable:559:12)
    at readableAddChunkPushByteMode (node:internal/streams/readable:510:3)
    at Readable.push (node:internal/streams/readable:390:5)
[2025-12-10T09:39:31.333Z] smtp_verify: Error: Invalid login: 535-5.7.8 Username and Password not accepted. For more information, go to
535 5.7.8  https://support.google.com/mail/?p=BadCredentials 98e67ed59e1d1-34a6ff024e0sm1985368a91.3 - gsmtp
    at SMTPConnection._formatError (D:\downloads\project (4)\project\backend\node_modules\nodemailer\lib\smtp-connection\index.js:809:19)
    at SMTPConnection._actionAUTHComplete (D:\downloads\project (4)\project\backend\node_modules\nodemailer\lib\smtp-connection\index.js:1588:34)
    at SMTPConnection.<anonymous> (D:\downloads\project (4)\project\backend\node_modules\nodemailer\lib\smtp-connection\index.js:556:26)
    at SMTPConnection._processResponse (D:\downloads\project (4)\project\backend\node_modules\nodemailer\lib\smtp-connection\index.js:993:20)
    at SMTPConnection._onData (D:\downloads\project (4)\project\backend\node_modules\nodemailer\lib\smtp-connection\index.js:774:14)
    at SMTPConnection._onSocketData (D:\downloads\project (4)\project\backend\node_modules\nodemailer\lib\smtp-connection\index.js:195:44)
    at TLSSocket.emit (node:events:507:28)
    at addChunk (node:internal/streams/readable:559:12)
    at readableAddChunkPushByteMode (node:internal/streams/readable:510:3)
    at Readable.push (node:internal/streams/readable:390:5)
[2025-12-10T09:39:53.324Z] smtp_verify: Error: Invalid login: 534-5.7.9 Application-specific password required. For more information, go to
534 5.7.9  https://support.google.com/mail/?p=InvalidSecondFactor d9443c01a7336-29dae99f011sm181411835ad.59 - gsmtp
    at SMTPConnection._formatError (D:\downloads\project (4)\project\backend\node_modules\nodemailer\lib\smtp-connection\index.js:809:19)
    at SMTPConnection._actionAUTHComplete (D:\downloads\project (4)\project\backend\node_modules\nodemailer\lib\smtp-connection\index.js:1588:34)
    at SMTPConnection.<anonymous> (D:\downloads\project (4)\project\backend\node_modules\nodemailer\lib\smtp-connection\index.js:556:26)
    at SMTPConnection._processResponse (D:\downloads\project (4)\project\backend\node_modules\nodemailer\lib\smtp-connection\index.js:993:20)
    at SMTPConnection._onData (D:\downloads\project (4)\project\backend\node_modules\nodemailer\lib\smtp-connection\index.js:774:14)
    at SMTPConnection._onSocketData (D:\downloads\project (4)\project\backend\node_modules\nodemailer\lib\smtp-connection\index.js:195:44)
    at TLSSocket.emit (node:events:507:28)
    at addChunk (node:internal/streams/readable:559:12)
    at readableAddChunkPushByteMode (node:internal/streams/readable:510:3)
    at Readable.push (node:internal/streams/readable:390:5)
[2025-12-11T13:10:15.482Z] smtp_verify: Error: Invalid login: 535-5.7.8 Username and Password not accepted. For more information, go to
535 5.7.8  https://support.google.com/mail/?p=BadCredentials 98e67ed59e1d1-34a926b1a88sm836353a91.2 - gsmtp
    at SMTPConnection._formatError (D:\downloads\project (4)\project\backend\node_modules\nodemailer\lib\smtp-connection\index.js:809:19)
    at SMTPConnection._actionAUTHComplete (D:\downloads\project (4)\project\backend\node_modules\nodemailer\lib\smtp-connection\index.js:1588:34)
    at SMTPConnection.<anonymous> (D:\downloads\project (4)\project\backend\node_modules\nodemailer\lib\smtp-connection\index.js:556:26)
    at SMTPConnection._processResponse (D:\downloads\project (4)\project\backend\node_modules\nodemailer\lib\smtp-connection\index.js:993:20)
    at SMTPConnection._onData (D:\downloads\project (4)\project\backend\node_modules\nodemailer\lib\smtp-connection\index.js:774:14)
    at SMTPConnection._onSocketData (D:\downloads\project (4)\project\backend\node_modules\nodemailer\lib\smtp-connection\index.js:195:44)
    at TLSSocket.emit (node:events:507:28)
    at addChunk (node:internal/streams/readable:559:12)
    at readableAddChunkPushByteMode (node:internal/streams/readable:510:3)
    at Readable.push (node:internal/streams/readable:390:5)
[2025-12-28T13:02:03.958Z] smtp_verify: Error: Invalid login: 535-5.7.8 Username and Password not accepted. For more information, go to
535 5.7.8  https://support.google.com/mail/?p=BadCredentials 41be03b00d2f7-c1e7ca0b587sm23095026a12.33 - gsmtp
    at SMTPConnection._formatError (D:\downloads\project (4)\project\backend\node_modules\nodemailer\lib\smtp-connection\index.js:809:19)
    at SMTPConnection._actionAUTHComplete (D:\downloads\project (4)\project\backend\node_modules\nodemailer\lib\smtp-connection\index.js:1588:34)
    at SMTPConnection.<anonymous> (D:\downloads\project (4)\project\backend\node_modules\nodemailer\lib\smtp-connection\index.js:556:26)
    at SMTPConnection._processResponse (D:\downloads\project (4)\project\backend\node_modules\nodemailer\lib\smtp-connection\index.js:993:20)
    at SMTPConnection._onData (D:\downloads\project (4)\project\backend\node_modules\nodemailer\lib\smtp-connection\index.js:774:14)
    at SMTPConnection._onSocketData (D:\downloads\project (4)\project\backend\node_modules\nodemailer\lib\smtp-connection\index.js:195:44)
    at TLSSocket.emit (node:events:507:28)
    at addChunk (node:internal/streams/readable:559:12)
    at readableAddChunkPushByteMode (node:internal/streams/readable:510:3)
    at Readable.push (node:internal/streams/readable:390:5)
[2025-12-28T13:44:23.188Z] smtp_verify: Error: Invalid login: 535-5.7.8 Username and Password not accepted. For more information, go to
535 5.7.8  https://support.google.com/mail/?p=BadCredentials 98e67ed59e1d1-34e77285111sm14597446a91.5 - gsmtp
    at SMTPConnection._formatError (D:\downloads\project (4)\project\backend\node_modules\nodemailer\lib\smtp-connection\index.js:809:19)
    at SMTPConnection._actionAUTHComplete (D:\downloads\project (4)\project\backend\node_modules\nodemailer\lib\smtp-connection\index.js:1588:34)
    at SMTPConnection.<anonymous> (D:\downloads\project (4)\project\backend\node_modules\nodemailer\lib\smtp-connection\index.js:556:26)
    at SMTPConnection._processResponse (D:\downloads\project (4)\project\backend\node_modules\nodemailer\lib\smtp-connection\index.js:993:20)
    at SMTPConnection._onData (D:\downloads\project (4)\project\backend\node_modules\nodemailer\lib\smtp-connection\index.js:774:14)
    at SMTPConnection._onSocketData (D:\downloads\project (4)\project\backend\node_modules\nodemailer\lib\smtp-connection\index.js:195:44)
    at TLSSocket.emit (node:events:507:28)
    at addChunk (node:internal/streams/readable:559:12)
    at readableAddChunkPushByteMode (node:internal/streams/readable:510:3)
    at Readable.push (node:internal/streams/readable:390:5)
[2026-01-01T18:18:42.488Z] smtp_verify: Error: Invalid login: 535-5.7.8 Username and Password not accepted. For more information, go to
535 5.7.8  https://support.google.com/mail/?p=BadCredentials 98e67ed59e1d1-34e70dbca5fsm38897917a91.11 - gsmtp
    at SMTPConnection._formatError (D:\downloads\project (4)\project\backend\node_modules\nodemailer\lib\smtp-connection\index.js:809:19)
    at SMTPConnection._actionAUTHComplete (D:\downloads\project (4)\project\backend\node_modules\nodemailer\lib\smtp-connection\index.js:1588:34)
    at SMTPConnection.<anonymous> (D:\downloads\project (4)\project\backend\node_modules\nodemailer\lib\smtp-connection\index.js:556:26)
    at SMTPConnection._processResponse (D:\downloads\project (4)\project\backend\node_modules\nodemailer\lib\smtp-connection\index.js:993:20)
    at SMTPConnection._onData (D:\downloads\project (4)\project\backend\node_modules\nodemailer\lib\smtp-connection\index.js:774:14)
    at SMTPConnection._onSocketData (D:\downloads\project (4)\project\backend\node_modules\nodemailer\lib\smtp-connection\index.js:195:44)
    at TLSSocket.emit (node:events:507:28)
    at addChunk (node:internal/streams/readable:559:12)
    at readableAddChunkPushByteMode (node:internal/streams/readable:510:3)
    at Readable.push (node:internal/streams/readable:390:5)
[2026-01-01T19:19:24.262Z] mongodb_connection: Error: querySrv ENOTFOUND _mongodb._tcp.Cluster0.mongodb.net
    at QueryReqWrap.onresolve [as oncomplete] (node:internal/dns/promises:294:17)
[2026-01-01T19:21:18.484Z] mongodb_connection: Error: querySrv ENOTFOUND _mongodb._tcp.Cluster0.mongodb.net
    at QueryReqWrap.onresolve [as oncomplete] (node:internal/dns/promises:294:17)
[2026-01-01T19:22:22.701Z] mongodb_connection: Error: querySrv ENOTFOUND _mongodb._tcp.Cluster0.mongodb.net
    at QueryReqWrap.onresolve [as oncomplete] (node:internal/dns/promises:294:17)
[2026-01-01T19:22:30.066Z] mongodb_connection: Error: querySrv ENOTFOUND _mongodb._tcp.Cluster0.mongodb.net
    at QueryReqWrap.onresolve [as oncomplete] (node:internal/dns/promises:294:17)
[2026-01-01T19:31:28.448Z] mongodb_connection: MongoServerError: bad auth : Authentication failed.
    at Connection.sendCommand (D:\downloads\project (4)\project\backend\node_modules\mongodb\lib\cmap\connection.js:305:27)
    at process.processTicksAndRejections (node:internal/process/task_queues:105:5)
    at async Connection.command (D:\downloads\project (4)\project\backend\node_modules\mongodb\lib\cmap\connection.js:333:26)
    at async executeScram (D:\downloads\project (4)\project\backend\node_modules\mongodb\lib\cmap\auth\scram.js:79:22)
    at async ScramSHA256.auth (D:\downloads\project (4)\project\backend\node_modules\mongodb\lib\cmap\auth\scram.js:39:16)
    at async performInitialHandshake (D:\downloads\project (4)\project\backend\node_modules\mongodb\lib\cmap\connect.js:104:13)
    at async connect (D:\downloads\project (4)\project\backend\node_modules\mongodb\lib\cmap\connect.js:24:9)
[2026-01-01T19:33:17.512Z] mongodb_connection: MongoServerError: bad auth : Authentication failed.
    at Connection.sendCommand (D:\downloads\project (4)\project\backend\node_modules\mongodb\lib\cmap\connection.js:305:27)
    at process.processTicksAndRejections (node:internal/process/task_queues:105:5)
    at async Connection.command (D:\downloads\project (4)\project\backend\node_modules\mongodb\lib\cmap\connection.js:333:26)
    at async executeScram (D:\downloads\project (4)\project\backend\node_modules\mongodb\lib\cmap\auth\scram.js:79:22)
    at async ScramSHA256.auth (D:\downloads\project (4)\project\backend\node_modules\mongodb\lib\cmap\auth\scram.js:39:16)
    at async performInitialHandshake (D:\downloads\project (4)\project\backend\node_modules\mongodb\lib\cmap\connect.js:104:13)
    at async connect (D:\downloads\project (4)\project\backend\node_modules\mongodb\lib\cmap\connect.js:24:9)
[2026-01-01T19:35:23.248Z] mongodb_connection: MongoServerError: bad auth : Authentication failed.
    at Connection.sendCommand (D:\downloads\project (4)\project\backend\node_modules\mongodb\lib\cmap\connection.js:305:27)
    at process.processTicksAndRejections (node:internal/process/task_queues:105:5)
    at async Connection.command (D:\downloads\project (4)\project\backend\node_modules\mongodb\lib\cmap\connection.js:333:26)
    at async executeScram (D:\downloads\project (4)\project\backend\node_modules\mongodb\lib\cmap\auth\scram.js:79:22)
    at async ScramSHA256.auth (D:\downloads\project (4)\project\backend\node_modules\mongodb\lib\cmap\auth\scram.js:39:16)
    at async performInitialHandshake (D:\downloads\project (4)\project\backend\node_modules\mongodb\lib\cmap\connect.js:104:13)
    at async connect (D:\downloads\project (4)\project\backend\node_modules\mongodb\lib\cmap\connect.js:24:9)
[2026-01-02T09:17:54.660Z] mongodb_connection: Error: querySrv ECONNREFUSED _mongodb._tcp.cluster0.qo9hvbf.mongodb.net
    at QueryReqWrap.onresolve [as oncomplete] (node:internal/dns/promises:294:17)
[2026-01-03T05:02:01.463Z] admin_get_stats: MongoServerSelectionError: getaddrinfo ENOTFOUND ac-k5i32oq-shard-00-00.qo9hvbf.mongodb.net
    at Topology.selectServer (D:\downloads\project (4)\project\backend\node_modules\mongodb\lib\sdam\topology.js:326:38)
    at async tryOperation (D:\downloads\project (4)\project\backend\node_modules\mongodb\lib\operations\execute_operation.js:192:22)
    at async executeOperation (D:\downloads\project (4)\project\backend\node_modules\mongodb\lib\operations\execute_operation.js:75:16)
    at async FindCursor._initialize (D:\downloads\project (4)\project\backend\node_modules\mongodb\lib\cursor\find_cursor.js:61:26)
    at async FindCursor.cursorInit (D:\downloads\project (4)\project\backend\node_modules\mongodb\lib\cursor\abstract_cursor.js:633:27)
    at async FindCursor.fetchBatch (D:\downloads\project (4)\project\backend\node_modules\mongodb\lib\cursor\abstract_cursor.js:667:13)
    at async FindCursor.next (D:\downloads\project (4)\project\backend\node_modules\mongodb\lib\cursor\abstract_cursor.js:347:17)
    at async [Symbol.asyncIterator] (D:\downloads\project (4)\project\backend\node_modules\mongodb\lib\cursor\abstract_cursor.js:255:34)
    at async FindCursor.toArray (D:\downloads\project (4)\project\backend\node_modules\mongodb\lib\cursor\abstract_cursor.js:427:26)
    at async model.Query._find (D:\downloads\project (4)\project\backend\node_modules\mongoose\lib\query.js:2407:14)
